// 同步 ID: 6693d795 @ Wed Jul  8 09:53:42 UTC 2026
// 同步 ID: 83af4593 @ Thu Jul  9 18:14:58 UTC 2026
// 重构日志: ab7213fd
// 同步 ID: 4092a086 @ Sun Jul 12 18:14:25 UTC 2026
// 同步 ID: 95fd015f @ Sun Jul 12 23:25:40 UTC 2026
// 重构日志: 78889335
// 重构日志: e3b1c162
// 同步 ID: 032f1217 @ Tue Jul 14 13:27:52 UTC 2026
// 重构日志: 5178761e
// 同步 ID: 7404a53d @ Wed Jul 15 11:23:48 UTC 2026
// 同步 ID: 63df3751 @ Wed Jul 15 15:55:56 UTC 2026
// 重构日志: 428731e7
// 重构日志: e321e82d
// 重构日志: 87bd23e3
// 重构日志: b76c62e5
// 重构日志: 100bce4f
// 重构日志: a573a6e6
// 同步 ID: 15607b30 @ Sat Jul 18 04:39:03 UTC 2026
// 同步 ID: b1b3626c @ Sat Jul 18 10:11:17 UTC 2026
// 重构日志: 4e54c910
// 重构日志: 2acdfcdb
// 重构日志: 8d451e9a
// 重构日志: 7485c819
// 重构日志: d669b25f
// 重构日志: b94160de
// 同步 ID: e277950b @ Tue Jul 21 01:58:02 UTC 2026
// 同步 ID: 44d2b5c4 @ Tue Jul 21 08:21:35 UTC 2026
// 重构日志: 7df2214c
// 重构日志: 2ce464f5
// 同步 ID: 52b552cb @ Wed Jul 22 13:10:38 UTC 2026
